# JRE version: Java(TM) SE Runtime Environment (10.0.2+13) (build 10.0.2+13)
# Java VM: Java HotSpot(TM) 64-Bit Server VM (10.0.2+13, mixed mode, tiered, compressed oops, g1 gc, bsd-amd64)
Heap:
 garbage-first heap   total 131072K, used 47800K [0x0000000740000000, 0x00000007c0000000)
  region size 1024K, 40 young (40960K), 3 survivors (3072K)
 Metaspace       used 32214K, capacity 33607K, committed 33920K, reserved 1079296K
  class space    used 4047K, capacity 4698K, committed 4736K, reserved 1048576K
GC Heap History (6 events):
Event: 1.591 GC heap before
{Heap before GC invocations=0 (full 0):
 garbage-first heap   total 131072K, used 24576K [0x0000000740000000, 0x00000007c0000000)
  region size 1024K, 24 young (24576K), 0 survivors (0K)
 Metaspace       used 19250K, capacity 19761K, committed 20096K, reserved 1067008K
  class space    used 2146K, capacity 2387K, committed 2432K, reserved 1048576K
}
Event: 1.627 GC heap after
{Heap after GC invocations=1 (full 0):
 garbage-first heap   total 131072K, used 5938K [0x0000000740000000, 0x00000007c0000000)
  region size 1024K, 3 young (3072K), 3 survivors (3072K)
 Metaspace       used 19250K, capacity 19761K, committed 20096K, reserved 1067008K
  class space    used 2146K, capacity 2387K, committed 2432K, reserved 1048576K
}
Event: 1.771 GC heap before
{Heap before GC invocations=1 (full 0):
 garbage-first heap   total 131072K, used 9010K [0x0000000740000000, 0x00000007c0000000)
  region size 1024K, 7 young (7168K), 3 survivors (3072K)
 Metaspace       used 20461K, capacity 21099K, committed 21296K, reserved 1069056K
  class space    used 2365K, capacity 2669K, committed 2688K, reserved 1048576K
}
Event: 1.788 GC heap after
{Heap after GC invocations=2 (full 0):
 garbage-first heap   total 131072K, used 6350K [0x0000000740000000, 0x00000007c0000000)
  region size 1024K, 4 young (4096K), 4 survivors (4096K)
 Metaspace       used 20461K, capacity 21099K, committed 21296K, reserved 1069056K
  class space    used 2365K, capacity 2669K, committed 2688K, reserved 1048576K
}
Event: 2.860 GC heap before
{Heap before GC invocations=3 (full 0):
 garbage-first heap   total 131072K, used 21710K [0x0000000740000000, 0x00000007c0000000)
  region size 1024K, 17 young (17408K), 4 survivors (4096K)
 Metaspace       used 26413K, capacity 27619K, committed 28160K, reserved 1073152K
  class space    used 3476K, capacity 4002K, committed 4096K, reserved 1048576K
}
Event: 2.880 GC heap after
{Heap after GC invocations=4 (full 0):
 garbage-first heap   total 131072K, used 10936K [0x0000000740000000, 0x00000007c0000000)
  region size 1024K, 3 young (3072K), 3 survivors (3072K)
 Metaspace       used 26413K, capacity 27619K, committed 28160K, reserved 1073152K
  class space    used 3476K, capacity 4002K, committed 4096K, reserved 1048576K
}

